<?xml version="1.0" encoding="UTF-8"?>
<!-- Generated by org.testng.reporters.JUnitXMLReporter -->
<testsuite ignored="11" hostname="LAPTOP-4H9OMSJB" failures="0" tests="2" name="Default test" time="81.267" errors="0" timestamp="2023-01-10T06:32:00 IST">
  <testcase classname="orangehrm_Testcases.OrangeHrm_testcases" name="addemp" time="19.642"/>
  <testcase classname="orangehrm_Testcases.OrangeHrm_testcases" name="salary" time="36.799"/>
  <testcase classname="orangehrm_Testcases.OrangeHrm_testcases" name="PIM_menu" time="0.0">
    <ignored/>
  </testcase> <!-- PIM_menu -->
  <testcase classname="orangehrm_Testcases.OrangeHrm_testcases" name="Admin" time="0.0">
    <ignored/>
  </testcase> <!-- Admin -->
  <testcase classname="orangehrm_Testcases.OrangeHrm_testcases" name="job" time="0.0">
    <ignored/>
  </testcase> <!-- job -->
  <testcase classname="orangehrm_Testcases.OrangeHrm_testcases" name="details" time="0.0">
    <ignored/>
  </testcase> <!-- details -->
  <testcase classname="orangehrm_Testcases.OrangeHrm_testcases" name="emergency" time="0.0">
    <ignored/>
  </testcase> <!-- emergency -->
  <testcase classname="orangehrm_Testcases.OrangeHrm_testcases" name="contact" time="0.0">
    <ignored/>
  </testcase> <!-- contact -->
  <testcase classname="orangehrm_Testcases.OrangeHrm_testcases" name="jobactivate" time="0.0">
    <ignored/>
  </testcase> <!-- jobactivate -->
  <testcase classname="orangehrm_Testcases.OrangeHrm_testcases" name="depends" time="0.0">
    <ignored/>
  </testcase> <!-- depends -->
  <testcase classname="orangehrm_Testcases.OrangeHrm_testcases" name="usermgmt" time="0.0">
    <ignored/>
  </testcase> <!-- usermgmt -->
  <testcase classname="orangehrm_Testcases.OrangeHrm_testcases" name="jobterm" time="0.0">
    <ignored/>
  </testcase> <!-- jobterm -->
  <testcase classname="orangehrm_Testcases.OrangeHrm_testcases" name="TaxExemp" time="0.0">
    <ignored/>
  </testcase> <!-- TaxExemp -->
</testsuite> <!-- Default test -->
