<?xml version="1.0" encoding="UTF-8"?>
<!-- Generated by org.testng.reporters.JUnitXMLReporter -->
<testsuite ignored="8" hostname="LAPTOP-4H9OMSJB" failures="0" tests="5" name="Default test(failed)(failed)" time="1412.185" errors="0" timestamp="2023-01-10T07:00:41 IST">
  <testcase classname="orangehrm_Testcases.OrangeHrm_testcases" name="addemp" time="19.647"/>
  <testcase classname="orangehrm_Testcases.OrangeHrm_testcases" name="salary" time="38.548"/>
  <testcase classname="orangehrm_Testcases.OrangeHrm_testcases" name="job" time="42.613"/>
  <testcase classname="orangehrm_Testcases.OrangeHrm_testcases" name="jobterm" time="1212.802"/>
  <testcase classname="orangehrm_Testcases.OrangeHrm_testcases" name="jobactivate" time="19.282"/>
  <testcase classname="orangehrm_Testcases.OrangeHrm_testcases" name="PIM_menu" time="0.0">
    <ignored/>
  </testcase> <!-- PIM_menu -->
  <testcase classname="orangehrm_Testcases.OrangeHrm_testcases" name="Admin" time="0.0">
    <ignored/>
  </testcase> <!-- Admin -->
  <testcase classname="orangehrm_Testcases.OrangeHrm_testcases" name="details" time="0.0">
    <ignored/>
  </testcase> <!-- details -->
  <testcase classname="orangehrm_Testcases.OrangeHrm_testcases" name="emergency" time="0.0">
    <ignored/>
  </testcase> <!-- emergency -->
  <testcase classname="orangehrm_Testcases.OrangeHrm_testcases" name="contact" time="0.0">
    <ignored/>
  </testcase> <!-- contact -->
  <testcase classname="orangehrm_Testcases.OrangeHrm_testcases" name="depends" time="0.0">
    <ignored/>
  </testcase> <!-- depends -->
  <testcase classname="orangehrm_Testcases.OrangeHrm_testcases" name="usermgmt" time="0.0">
    <ignored/>
  </testcase> <!-- usermgmt -->
  <testcase classname="orangehrm_Testcases.OrangeHrm_testcases" name="TaxExemp" time="0.0">
    <ignored/>
  </testcase> <!-- TaxExemp -->
</testsuite> <!-- Default test(failed)(failed) -->
