<?xml version="1.0" encoding="UTF-8"?>
<testng-results ignored="8" total="13" passed="5" failed="0" skipped="0">
  <reporter-output>
  </reporter-output>
  <suite started-at="2023-01-10T06:37:09 IST" name="Failed suite [Failed suite [Default suite]]" finished-at="2023-01-10T07:00:41 IST" duration-ms="1412185">
    <groups>
    </groups>
    <test started-at="2023-01-10T06:37:09 IST" name="Default test(failed)(failed)" finished-at="2023-01-10T07:00:41 IST" duration-ms="1412185">
      <class name="orangehrm_Testcases.OrangeHrm_testcases">
        <test-method is-config="true" signature="prerequisites()[pri:0, instance:orangehrm_Testcases.OrangeHrm_testcases@16610890]" started-at="2023-01-10T06:37:09 IST" name="prerequisites" finished-at="2023-01-10T06:37:09 IST" duration-ms="192" status="PASS">
          <reporter-output>
          </reporter-output>
        </test-method> <!-- prerequisites -->
        <test-method is-config="true" signature="browser()[pri:0, instance:orangehrm_Testcases.OrangeHrm_testcases@16610890]" started-at="2023-01-10T06:37:09 IST" name="browser" finished-at="2023-01-10T06:37:14 IST" duration-ms="4750" status="PASS">
          <reporter-output>
          </reporter-output>
        </test-method> <!-- browser -->
        <test-method signature="addemp()[pri:0, instance:orangehrm_Testcases.OrangeHrm_testcases@16610890]" started-at="2023-01-10T06:37:14 IST" name="addemp" finished-at="2023-01-10T06:37:34 IST" duration-ms="19647" status="PASS">
          <reporter-output>
          </reporter-output>
        </test-method> <!-- addemp -->
        <test-method is-config="true" signature="aftertest()[pri:0, instance:orangehrm_Testcases.OrangeHrm_testcases@16610890]" started-at="2023-01-10T06:37:34 IST" name="aftertest" finished-at="2023-01-10T06:37:50 IST" duration-ms="16317" status="PASS">
          <reporter-output>
          </reporter-output>
        </test-method> <!-- aftertest -->
        <test-method is-config="true" signature="browser()[pri:0, instance:orangehrm_Testcases.OrangeHrm_testcases@16610890]" started-at="2023-01-10T06:37:50 IST" name="browser" finished-at="2023-01-10T06:37:55 IST" duration-ms="4589" status="PASS">
          <reporter-output>
          </reporter-output>
        </test-method> <!-- browser -->
        <test-method signature="salary()[pri:0, instance:orangehrm_Testcases.OrangeHrm_testcases@16610890]" started-at="2023-01-10T06:37:55 IST" name="salary" finished-at="2023-01-10T06:38:33 IST" depends-on-methods="orangehrm_Testcases.OrangeHrm_testcases.addemp" duration-ms="38548" status="PASS">
          <reporter-output>
          </reporter-output>
        </test-method> <!-- salary -->
        <test-method is-config="true" signature="aftertest()[pri:0, instance:orangehrm_Testcases.OrangeHrm_testcases@16610890]" started-at="2023-01-10T06:38:33 IST" name="aftertest" finished-at="2023-01-10T06:38:33 IST" duration-ms="128" status="PASS">
          <reporter-output>
          </reporter-output>
        </test-method> <!-- aftertest -->
        <test-method is-config="true" signature="browser()[pri:0, instance:orangehrm_Testcases.OrangeHrm_testcases@16610890]" started-at="2023-01-10T06:38:33 IST" name="browser" finished-at="2023-01-10T06:38:40 IST" duration-ms="6448" status="PASS">
          <reporter-output>
          </reporter-output>
        </test-method> <!-- browser -->
        <test-method signature="job()[pri:0, instance:orangehrm_Testcases.OrangeHrm_testcases@16610890]" started-at="2023-01-10T06:38:40 IST" name="job" finished-at="2023-01-10T06:39:22 IST" depends-on-methods="orangehrm_Testcases.OrangeHrm_testcases.addemp" duration-ms="42613" status="PASS">
          <reporter-output>
          </reporter-output>
        </test-method> <!-- job -->
        <test-method is-config="true" signature="aftertest()[pri:0, instance:orangehrm_Testcases.OrangeHrm_testcases@16610890]" started-at="2023-01-10T06:39:22 IST" name="aftertest" finished-at="2023-01-10T06:39:39 IST" duration-ms="16282" status="PASS">
          <reporter-output>
          </reporter-output>
        </test-method> <!-- aftertest -->
        <test-method is-config="true" signature="browser()[pri:0, instance:orangehrm_Testcases.OrangeHrm_testcases@16610890]" started-at="2023-01-10T06:39:39 IST" name="browser" finished-at="2023-01-10T06:39:47 IST" duration-ms="8898" status="PASS">
          <reporter-output>
          </reporter-output>
        </test-method> <!-- browser -->
        <test-method signature="jobterm()[pri:0, instance:orangehrm_Testcases.OrangeHrm_testcases@16610890]" started-at="2023-01-10T06:39:47 IST" name="jobterm" finished-at="2023-01-10T07:00:00 IST" depends-on-methods="orangehrm_Testcases.OrangeHrm_testcases.addemp, orangehrm_Testcases.OrangeHrm_testcases.job" duration-ms="1212802" status="PASS">
          <reporter-output>
          </reporter-output>
        </test-method> <!-- jobterm -->
        <test-method is-config="true" signature="aftertest()[pri:0, instance:orangehrm_Testcases.OrangeHrm_testcases@16610890]" started-at="2023-01-10T07:00:00 IST" name="aftertest" finished-at="2023-01-10T07:00:00 IST" duration-ms="72" status="PASS">
          <reporter-output>
          </reporter-output>
        </test-method> <!-- aftertest -->
        <test-method is-config="true" signature="browser()[pri:0, instance:orangehrm_Testcases.OrangeHrm_testcases@16610890]" started-at="2023-01-10T07:00:00 IST" name="browser" finished-at="2023-01-10T07:00:06 IST" duration-ms="5497" status="PASS">
          <reporter-output>
          </reporter-output>
        </test-method> <!-- browser -->
        <test-method signature="jobactivate()[pri:0, instance:orangehrm_Testcases.OrangeHrm_testcases@16610890]" started-at="2023-01-10T07:00:06 IST" name="jobactivate" finished-at="2023-01-10T07:00:25 IST" depends-on-methods="orangehrm_Testcases.OrangeHrm_testcases.jobterm, orangehrm_Testcases.OrangeHrm_testcases.addemp" duration-ms="19282" status="PASS">
          <reporter-output>
          </reporter-output>
        </test-method> <!-- jobactivate -->
        <test-method is-config="true" signature="aftertest()[pri:0, instance:orangehrm_Testcases.OrangeHrm_testcases@16610890]" started-at="2023-01-10T07:00:25 IST" name="aftertest" finished-at="2023-01-10T07:00:41 IST" duration-ms="16281" status="PASS">
          <reporter-output>
          </reporter-output>
        </test-method> <!-- aftertest -->
      </class> <!-- orangehrm_Testcases.OrangeHrm_testcases -->
    </test> <!-- Default test(failed)(failed) -->
  </suite> <!-- Failed suite [Failed suite [Default suite]] -->
</testng-results>
